Start testing: Sep 24 11:35 EDT
----------------------------------------------------------
1/43 Testing: Trim.RemovesSurroundingWhitespace
1/43 Test: Trim.RemovesSurroundingWhitespace
Command: "/home/ectf/Desktop/projects/cpp-http-server/build-asan/core_tests" "--gtest_filter=Trim.RemovesSurroundingWhitespace" "--gtest_also_run_disabled_tests"
Directory: /home/ectf/Desktop/projects/cpp-http-server/build-asan
"Trim.RemovesSurroundingWhitespace" start time: Sep 24 11:35 EDT
Output:
----------------------------------------------------------
Running main() from /home/ectf/Desktop/projects/cpp-http-server/build-asan/_deps/googletest-src/googletest/src/gtest_main.cc
Note: Google Test filter = Trim.RemovesSurroundingWhitespace
[==========] Running 1 test from 1 test suite.
[----------] Global test environment set-up.
[----------] 1 test from Trim
[ RUN      ] Trim.RemovesSurroundingWhitespace
[       OK ] Trim.RemovesSurroundingWhitespace (0 ms)
[----------] 1 test from Trim (0 ms total)

[----------] Global test environment tear-down
[==========] 1 test from 1 test suite ran. (0 ms total)
[  PASSED  ] 1 test.
<end of output>
Test time =   0.03 sec
----------------------------------------------------------
Test Passed.
"Trim.RemovesSurroundingWhitespace" end time: Sep 24 11:35 EDT
"Trim.RemovesSurroundingWhitespace" time elapsed: 00:00:00
----------------------------------------------------------

2/43 Testing: Trim.AllWhitespaceBecomesEmpty
2/43 Test: Trim.AllWhitespaceBecomesEmpty
Command: "/home/ectf/Desktop/projects/cpp-http-server/build-asan/core_tests" "--gtest_filter=Trim.AllWhitespaceBecomesEmpty" "--gtest_also_run_disabled_tests"
Directory: /home/ectf/Desktop/projects/cpp-http-server/build-asan
"Trim.AllWhitespaceBecomesEmpty" start time: Sep 24 11:35 EDT
Output:
----------------------------------------------------------
Running main() from /home/ectf/Desktop/projects/cpp-http-server/build-asan/_deps/googletest-src/googletest/src/gtest_main.cc
Note: Google Test filter = Trim.AllWhitespaceBecomesEmpty
[==========] Running 1 test from 1 test suite.
[----------] Global test environment set-up.
[----------] 1 test from Trim
[ RUN      ] Trim.AllWhitespaceBecomesEmpty
[       OK ] Trim.AllWhitespaceBecomesEmpty (0 ms)
[----------] 1 test from Trim (0 ms total)

[----------] Global test environment tear-down
[==========] 1 test from 1 test suite ran. (0 ms total)
[  PASSED  ] 1 test.
<end of output>
Test time =   0.03 sec
----------------------------------------------------------
Test Passed.
"Trim.AllWhitespaceBecomesEmpty" end time: Sep 24 11:35 EDT
"Trim.AllWhitespaceBecomesEmpty" time elapsed: 00:00:00
----------------------------------------------------------

3/43 Testing: Trim.EmptyStaysEmpty
3/43 Test: Trim.EmptyStaysEmpty
Command: "/home/ectf/Desktop/projects/cpp-http-server/build-asan/core_tests" "--gtest_filter=Trim.EmptyStaysEmpty" "--gtest_also_run_disabled_tests"
Directory: /home/ectf/Desktop/projects/cpp-http-server/build-asan
"Trim.EmptyStaysEmpty" start time: Sep 24 11:35 EDT
Output:
----------------------------------------------------------
Running main() from /home/ectf/Desktop/projects/cpp-http-server/build-asan/_deps/googletest-src/googletest/src/gtest_main.cc
Note: Google Test filter = Trim.EmptyStaysEmpty
[==========] Running 1 test from 1 test suite.
[----------] Global test environment set-up.
[----------] 1 test from Trim
[ RUN      ] Trim.EmptyStaysEmpty
[       OK ] Trim.EmptyStaysEmpty (0 ms)
[----------] 1 test from Trim (0 ms total)

[----------] Global test environment tear-down
[==========] 1 test from 1 test suite ran. (0 ms total)
[  PASSED  ] 1 test.
<end of output>
Test time =   0.02 sec
----------------------------------------------------------
Test Passed.
"Trim.EmptyStaysEmpty" end time: Sep 24 11:35 EDT
"Trim.EmptyStaysEmpty" time elapsed: 00:00:00
----------------------------------------------------------

4/43 Testing: Socket.DefaultConstructedIsInvalid
4/43 Test: Socket.DefaultConstructedIsInvalid
Command: "/home/ectf/Desktop/projects/cpp-http-server/build-asan/core_tests" "--gtest_filter=Socket.DefaultConstructedIsInvalid" "--gtest_also_run_disabled_tests"
Directory: /home/ectf/Desktop/projects/cpp-http-server/build-asan
"Socket.DefaultConstructedIsInvalid" start time: Sep 24 11:35 EDT
Output:
----------------------------------------------------------
Running main() from /home/ectf/Desktop/projects/cpp-http-server/build-asan/_deps/googletest-src/googletest/src/gtest_main.cc
Note: Google Test filter = Socket.DefaultConstructedIsInvalid
[==========] Running 1 test from 1 test suite.
[----------] Global test environment set-up.
[----------] 1 test from Socket
[ RUN      ] Socket.DefaultConstructedIsInvalid
[       OK ] Socket.DefaultConstructedIsInvalid (0 ms)
[----------] 1 test from Socket (0 ms total)

[----------] Global test environment tear-down
[==========] 1 test from 1 test suite ran. (0 ms total)
[  PASSED  ] 1 test.
<end of output>
Test time =   0.02 sec
----------------------------------------------------------
Test Passed.
"Socket.DefaultConstructedIsInvalid" end time: Sep 24 11:35 EDT
"Socket.DefaultConstructedIsInvalid" time elapsed: 00:00:00
----------------------------------------------------------

5/43 Testing: Socket.DestructorClosesFd
5/43 Test: Socket.DestructorClosesFd
Command: "/home/ectf/Desktop/projects/cpp-http-server/build-asan/core_tests" "--gtest_filter=Socket.DestructorClosesFd" "--gtest_also_run_disabled_tests"
Directory: /home/ectf/Desktop/projects/cpp-http-server/build-asan
"Socket.DestructorClosesFd" start time: Sep 24 11:35 EDT
Output:
----------------------------------------------------------
Running main() from /home/ectf/Desktop/projects/cpp-http-server/build-asan/_deps/googletest-src/googletest/src/gtest_main.cc
Note: Google Test filter = Socket.DestructorClosesFd
[==========] Running 1 test from 1 test suite.
[----------] Global test environment set-up.
[----------] 1 test from Socket
[ RUN      ] Socket.DestructorClosesFd
[       OK ] Socket.DestructorClosesFd (0 ms)
[----------] 1 test from Socket (0 ms total)

[----------] Global test environment tear-down
[==========] 1 test from 1 test suite ran. (0 ms total)
[  PASSED  ] 1 test.
<end of output>
Test time =   0.02 sec
----------------------------------------------------------
Test Passed.
"Socket.DestructorClosesFd" end time: Sep 24 11:35 EDT
"Socket.DestructorClosesFd" time elapsed: 00:00:00
----------------------------------------------------------

6/43 Testing: Socket.MoveConstructorTransfersOwnership
6/43 Test: Socket.MoveConstructorTransfersOwnership
Command: "/home/ectf/Desktop/projects/cpp-http-server/build-asan/core_tests" "--gtest_filter=Socket.MoveConstructorTransfersOwnership" "--gtest_also_run_disabled_tests"
Directory: /home/ectf/Desktop/projects/cpp-http-server/build-asan
"Socket.MoveConstructorTransfersOwnership" start time: Sep 24 11:35 EDT
Output:
----------------------------------------------------------
Running main() from /home/ectf/Desktop/projects/cpp-http-server/build-asan/_deps/googletest-src/googletest/src/gtest_main.cc
Note: Google Test filter = Socket.MoveConstructorTransfersOwnership
[==========] Running 1 test from 1 test suite.
[----------] Global test environment set-up.
[----------] 1 test from Socket
[ RUN      ] Socket.MoveConstructorTransfersOwnership
[       OK ] Socket.MoveConstructorTransfersOwnership (0 ms)
[----------] 1 test from Socket (0 ms total)

[----------] Global test environment tear-down
[==========] 1 test from 1 test suite ran. (0 ms total)
[  PASSED  ] 1 test.
<end of output>
Test time =   0.03 sec
----------------------------------------------------------
Test Passed.
"Socket.MoveConstructorTransfersOwnership" end time: Sep 24 11:35 EDT
"Socket.MoveConstructorTransfersOwnership" time elapsed: 00:00:00
----------------------------------------------------------

7/43 Testing: Socket.MoveAssignmentClosesPreviousFd
7/43 Test: Socket.MoveAssignmentClosesPreviousFd
Command: "/home/ectf/Desktop/projects/cpp-http-server/build-asan/core_tests" "--gtest_filter=Socket.MoveAssignmentClosesPreviousFd" "--gtest_also_run_disabled_tests"
Directory: /home/ectf/Desktop/projects/cpp-http-server/build-asan
"Socket.MoveAssignmentClosesPreviousFd" start time: Sep 24 11:35 EDT
Output:
----------------------------------------------------------
Running main() from /home/ectf/Desktop/projects/cpp-http-server/build-asan/_deps/googletest-src/googletest/src/gtest_main.cc
Note: Google Test filter = Socket.MoveAssignmentClosesPreviousFd
[==========] Running 1 test from 1 test suite.
[----------] Global test environment set-up.
[----------] 1 test from Socket
[ RUN      ] Socket.MoveAssignmentClosesPreviousFd
[       OK ] Socket.MoveAssignmentClosesPreviousFd (0 ms)
[----------] 1 test from Socket (0 ms total)

[----------] Global test environment tear-down
[==========] 1 test from 1 test suite ran. (0 ms total)
[  PASSED  ] 1 test.
<end of output>
Test time =   0.02 sec
----------------------------------------------------------
Test Passed.
"Socket.MoveAssignmentClosesPreviousFd" end time: Sep 24 11:35 EDT
"Socket.MoveAssignmentClosesPreviousFd" time elapsed: 00:00:00
----------------------------------------------------------

8/43 Testing: Socket.ListenTcpOnEphemeralPort
8/43 Test: Socket.ListenTcpOnEphemeralPort
Command: "/home/ectf/Desktop/projects/cpp-http-server/build-asan/core_tests" "--gtest_filter=Socket.ListenTcpOnEphemeralPort" "--gtest_also_run_disabled_tests"
Directory: /home/ectf/Desktop/projects/cpp-http-server/build-asan
"Socket.ListenTcpOnEphemeralPort" start time: Sep 24 11:35 EDT
Output:
----------------------------------------------------------
Running main() from /home/ectf/Desktop/projects/cpp-http-server/build-asan/_deps/googletest-src/googletest/src/gtest_main.cc
Note: Google Test filter = Socket.ListenTcpOnEphemeralPort
[==========] Running 1 test from 1 test suite.
[----------] Global test environment set-up.
[----------] 1 test from Socket
[ RUN      ] Socket.ListenTcpOnEphemeralPort
[       OK ] Socket.ListenTcpOnEphemeralPort (0 ms)
[----------] 1 test from Socket (0 ms total)

[----------] Global test environment tear-down
[==========] 1 test from 1 test suite ran. (0 ms total)
[  PASSED  ] 1 test.
<end of output>
Test time =   0.02 sec
----------------------------------------------------------
Test Passed.
"Socket.ListenTcpOnEphemeralPort" end time: Sep 24 11:35 EDT
"Socket.ListenTcpOnEphemeralPort" time elapsed: 00:00:00
----------------------------------------------------------

9/43 Testing: ThreadPool.RunsAllSubmittedTasks
9/43 Test: ThreadPool.RunsAllSubmittedTasks
Command: "/home/ectf/Desktop/projects/cpp-http-server/build-asan/core_tests" "--gtest_filter=ThreadPool.RunsAllSubmittedTasks" "--gtest_also_run_disabled_tests"
Directory: /home/ectf/Desktop/projects/cpp-http-server/build-asan
"ThreadPool.RunsAllSubmittedTasks" start time: Sep 24 11:35 EDT
Output:
----------------------------------------------------------
Running main() from /home/ectf/Desktop/projects/cpp-http-server/build-asan/_deps/googletest-src/googletest/src/gtest_main.cc
Note: Google Test filter = ThreadPool.RunsAllSubmittedTasks
[==========] Running 1 test from 1 test suite.
[----------] Global test environment set-up.
[----------] 1 test from ThreadPool
[ RUN      ] ThreadPool.RunsAllSubmittedTasks
[       OK ] ThreadPool.RunsAllSubmittedTasks (4 ms)
[----------] 1 test from ThreadPool (4 ms total)

[----------] Global test environment tear-down
[==========] 1 test from 1 test suite ran. (4 ms total)
[  PASSED  ] 1 test.
<end of output>
Test time =   0.03 sec
----------------------------------------------------------
Test Passed.
"ThreadPool.RunsAllSubmittedTasks" end time: Sep 24 11:35 EDT
"ThreadPool.RunsAllSubmittedTasks" time elapsed: 00:00:00
----------------------------------------------------------

10/43 Testing: ThreadPool.UsesMultipleThreads
10/43 Test: ThreadPool.UsesMultipleThreads
Command: "/home/ectf/Desktop/projects/cpp-http-server/build-asan/core_tests" "--gtest_filter=ThreadPool.UsesMultipleThreads" "--gtest_also_run_disabled_tests"
Directory: /home/ectf/Desktop/projects/cpp-http-server/build-asan
"ThreadPool.UsesMultipleThreads" start time: Sep 24 11:35 EDT
Output:
----------------------------------------------------------
Running main() from /home/ectf/Desktop/projects/cpp-http-server/build-asan/_deps/googletest-src/googletest/src/gtest_main.cc
Note: Google Test filter = ThreadPool.UsesMultipleThreads
[==========] Running 1 test from 1 test suite.
[----------] Global test environment set-up.
[----------] 1 test from ThreadPool
[ RUN      ] ThreadPool.UsesMultipleThreads
[       OK ] ThreadPool.UsesMultipleThreads (68 ms)
[----------] 1 test from ThreadPool (68 ms total)

[----------] Global test environment tear-down
[==========] 1 test from 1 test suite ran. (68 ms total)
[  PASSED  ] 1 test.
<end of output>
Test time =   0.09 sec
----------------------------------------------------------
Test Passed.
"ThreadPool.UsesMultipleThreads" end time: Sep 24 11:35 EDT
"ThreadPool.UsesMultipleThreads" time elapsed: 00:00:00
----------------------------------------------------------

11/43 Testing: ThreadPool.TasksThatThrowDoNotKillWorkers
11/43 Test: ThreadPool.TasksThatThrowDoNotKillWorkers
Command: "/home/ectf/Desktop/projects/cpp-http-server/build-asan/core_tests" "--gtest_filter=ThreadPool.TasksThatThrowDoNotKillWorkers" "--gtest_also_run_disabled_tests"
Directory: /home/ectf/Desktop/projects/cpp-http-server/build-asan
"ThreadPool.TasksThatThrowDoNotKillWorkers" start time: Sep 24 11:35 EDT
Output:
----------------------------------------------------------
Running main() from /home/ectf/Desktop/projects/cpp-http-server/build-asan/_deps/googletest-src/googletest/src/gtest_main.cc
Note: Google Test filter = ThreadPool.TasksThatThrowDoNotKillWorkers
[==========] Running 1 test from 1 test suite.
[----------] Global test environment set-up.
[----------] 1 test from ThreadPool
[ RUN      ] ThreadPool.TasksThatThrowDoNotKillWorkers
thread pool task failed: thread pool task failed: boom
boom
thread pool task failed: boom
thread pool task failed: boom
thread pool task failed: boom
[       OK ] ThreadPool.TasksThatThrowDoNotKillWorkers (1 ms)
[----------] 1 test from ThreadPool (1 ms total)

[----------] Global test environment tear-down
[==========] 1 test from 1 test suite ran. (1 ms total)
[  PASSED  ] 1 test.
<end of output>
Test time =   0.02 sec
----------------------------------------------------------
Test Passed.
"ThreadPool.TasksThatThrowDoNotKillWorkers" end time: Sep 24 11:35 EDT
"ThreadPool.TasksThatThrowDoNotKillWorkers" time elapsed: 00:00:00
----------------------------------------------------------

12/43 Testing: ThreadPool.SubmitSucceedsWhileRunning
12/43 Test: ThreadPool.SubmitSucceedsWhileRunning
Command: "/home/ectf/Desktop/projects/cpp-http-server/build-asan/core_tests" "--gtest_filter=ThreadPool.SubmitSucceedsWhileRunning" "--gtest_also_run_disabled_tests"
Directory: /home/ectf/Desktop/projects/cpp-http-server/build-asan
"ThreadPool.SubmitSucceedsWhileRunning" start time: Sep 24 11:35 EDT
Output:
----------------------------------------------------------
Running main() from /home/ectf/Desktop/projects/cpp-http-server/build-asan/_deps/googletest-src/googletest/src/gtest_main.cc
Note: Google Test filter = ThreadPool.SubmitSucceedsWhileRunning
[==========] Running 1 test from 1 test suite.
[----------] Global test environment set-up.
[----------] 1 test from ThreadPool
[ RUN      ] ThreadPool.SubmitSucceedsWhileRunning
[       OK ] ThreadPool.SubmitSucceedsWhileRunning (0 ms)
[----------] 1 test from ThreadPool (0 ms total)

[----------] Global test environment tear-down
[==========] 1 test from 1 test suite ran. (0 ms total)
[  PASSED  ] 1 test.
<end of output>
Test time =   0.03 sec
----------------------------------------------------------
Test Passed.
"ThreadPool.SubmitSucceedsWhileRunning" end time: Sep 24 11:35 EDT
"ThreadPool.SubmitSucceedsWhileRunning" time elapsed: 00:00:00
----------------------------------------------------------

13/43 Testing: RequestParser.ParseStatus
13/43 Test: RequestParser.ParseStatus
Command: "/home/ectf/Desktop/projects/cpp-http-server/build-asan/core_tests" "--gtest_filter=RequestParser.ParseStatus" "--gtest_also_run_disabled_tests"
Directory: /home/ectf/Desktop/projects/cpp-http-server/build-asan
"RequestParser.ParseStatus" start time: Sep 24 11:35 EDT
Output:
----------------------------------------------------------
Running main() from /home/ectf/Desktop/projects/cpp-http-server/build-asan/_deps/googletest-src/googletest/src/gtest_main.cc
Note: Google Test filter = RequestParser.ParseStatus
[==========] Running 1 test from 1 test suite.
[----------] Global test environment set-up.
[----------] 1 test from RequestParser
[ RUN      ] RequestParser.ParseStatus
[       OK ] RequestParser.ParseStatus (0 ms)
[----------] 1 test from RequestParser (0 ms total)

[----------] Global test environment tear-down
[==========] 1 test from 1 test suite ran. (0 ms total)
[  PASSED  ] 1 test.
<end of output>
Test time =   0.03 sec
----------------------------------------------------------
Test Passed.
"RequestParser.ParseStatus" end time: Sep 24 11:35 EDT
"RequestParser.ParseStatus" time elapsed: 00:00:00
----------------------------------------------------------

14/43 Testing: RequestParser.HeaderLookupIsCaseInsensitive
14/43 Test: RequestParser.HeaderLookupIsCaseInsensitive
Command: "/home/ectf/Desktop/projects/cpp-http-server/build-asan/core_tests" "--gtest_filter=RequestParser.HeaderLookupIsCaseInsensitive" "--gtest_also_run_disabled_tests"
Directory: /home/ectf/Desktop/projects/cpp-http-server/build-asan
"RequestParser.HeaderLookupIsCaseInsensitive" start time: Sep 24 11:35 EDT
Output:
----------------------------------------------------------
Running main() from /home/ectf/Desktop/projects/cpp-http-server/build-asan/_deps/googletest-src/googletest/src/gtest_main.cc
Note: Google Test filter = RequestParser.HeaderLookupIsCaseInsensitive
[==========] Running 1 test from 1 test suite.
[----------] Global test environment set-up.
[----------] 1 test from RequestParser
[ RUN      ] RequestParser.HeaderLookupIsCaseInsensitive
[       OK ] RequestParser.HeaderLookupIsCaseInsensitive (0 ms)
[----------] 1 test from RequestParser (0 ms total)

[----------] Global test environment tear-down
[==========] 1 test from 1 test suite ran. (0 ms total)
[  PASSED  ] 1 test.
<end of output>
Test time =   0.02 sec
----------------------------------------------------------
Test Passed.
"RequestParser.HeaderLookupIsCaseInsensitive" end time: Sep 24 11:35 EDT
"RequestParser.HeaderLookupIsCaseInsensitive" time elapsed: 00:00:00
----------------------------------------------------------

15/43 Testing: RequestParser.MissingHeaderReturnsNullopt
15/43 Test: RequestParser.MissingHeaderReturnsNullopt
Command: "/home/ectf/Desktop/projects/cpp-http-server/build-asan/core_tests" "--gtest_filter=RequestParser.MissingHeaderReturnsNullopt" "--gtest_also_run_disabled_tests"
Directory: /home/ectf/Desktop/projects/cpp-http-server/build-asan
"RequestParser.MissingHeaderReturnsNullopt" start time: Sep 24 11:35 EDT
Output:
----------------------------------------------------------
Running main() from /home/ectf/Desktop/projects/cpp-http-server/build-asan/_deps/googletest-src/googletest/src/gtest_main.cc
Note: Google Test filter = RequestParser.MissingHeaderReturnsNullopt
[==========] Running 1 test from 1 test suite.
[----------] Global test environment set-up.
[----------] 1 test from RequestParser
[ RUN      ] RequestParser.MissingHeaderReturnsNullopt
[       OK ] RequestParser.MissingHeaderReturnsNullopt (0 ms)
[----------] 1 test from RequestParser (0 ms total)

[----------] Global test environment tear-down
[==========] 1 test from 1 test suite ran. (0 ms total)
[  PASSED  ] 1 test.
<end of output>
Test time =   0.02 sec
----------------------------------------------------------
Test Passed.
"RequestParser.MissingHeaderReturnsNullopt" end time: Sep 24 11:35 EDT
"RequestParser.MissingHeaderReturnsNullopt" time elapsed: 00:00:00
----------------------------------------------------------

16/43 Testing: RequestParser.TrimsHeaderValueWhitespace
16/43 Test: RequestParser.TrimsHeaderValueWhitespace
Command: "/home/ectf/Desktop/projects/cpp-http-server/build-asan/core_tests" "--gtest_filter=RequestParser.TrimsHeaderValueWhitespace" "--gtest_also_run_disabled_tests"
Directory: /home/ectf/Desktop/projects/cpp-http-server/build-asan
"RequestParser.TrimsHeaderValueWhitespace" start time: Sep 24 11:35 EDT
Output:
----------------------------------------------------------
Running main() from /home/ectf/Desktop/projects/cpp-http-server/build-asan/_deps/googletest-src/googletest/src/gtest_main.cc
Note: Google Test filter = RequestParser.TrimsHeaderValueWhitespace
[==========] Running 1 test from 1 test suite.
[----------] Global test environment set-up.
[----------] 1 test from RequestParser
[ RUN      ] RequestParser.TrimsHeaderValueWhitespace
[       OK ] RequestParser.TrimsHeaderValueWhitespace (0 ms)
[----------] 1 test from RequestParser (0 ms total)

[----------] Global test environment tear-down
[==========] 1 test from 1 test suite ran. (0 ms total)
[  PASSED  ] 1 test.
<end of output>
Test time =   0.02 sec
----------------------------------------------------------
Test Passed.
"RequestParser.TrimsHeaderValueWhitespace" end time: Sep 24 11:35 EDT
"RequestParser.TrimsHeaderValueWhitespace" time elapsed: 00:00:00
----------------------------------------------------------

17/43 Testing: RequestParser.CombinesRepeatedHeaders
17/43 Test: RequestParser.CombinesRepeatedHeaders
Command: "/home/ectf/Desktop/projects/cpp-http-server/build-asan/core_tests" "--gtest_filter=RequestParser.CombinesRepeatedHeaders" "--gtest_also_run_disabled_tests"
Directory: /home/ectf/Desktop/projects/cpp-http-server/build-asan
"RequestParser.CombinesRepeatedHeaders" start time: Sep 24 11:35 EDT
Output:
----------------------------------------------------------
Running main() from /home/ectf/Desktop/projects/cpp-http-server/build-asan/_deps/googletest-src/googletest/src/gtest_main.cc
Note: Google Test filter = RequestParser.CombinesRepeatedHeaders
[==========] Running 1 test from 1 test suite.
[----------] Global test environment set-up.
[----------] 1 test from RequestParser
[ RUN      ] RequestParser.CombinesRepeatedHeaders
[       OK ] RequestParser.CombinesRepeatedHeaders (0 ms)
[----------] 1 test from RequestParser (0 ms total)

[----------] Global test environment tear-down
[==========] 1 test from 1 test suite ran. (0 ms total)
[  PASSED  ] 1 test.
<end of output>
Test time =   0.02 sec
----------------------------------------------------------
Test Passed.
"RequestParser.CombinesRepeatedHeaders" end time: Sep 24 11:35 EDT
"RequestParser.CombinesRepeatedHeaders" time elapsed: 00:00:00
----------------------------------------------------------

18/43 Testing: RequestParser.AllowsMissingHostInHttp10
18/43 Test: RequestParser.AllowsMissingHostInHttp10
Command: "/home/ectf/Desktop/projects/cpp-http-server/build-asan/core_tests" "--gtest_filter=RequestParser.AllowsMissingHostInHttp10" "--gtest_also_run_disabled_tests"
Directory: /home/ectf/Desktop/projects/cpp-http-server/build-asan
"RequestParser.AllowsMissingHostInHttp10" start time: Sep 24 11:35 EDT
Output:
----------------------------------------------------------
Running main() from /home/ectf/Desktop/projects/cpp-http-server/build-asan/_deps/googletest-src/googletest/src/gtest_main.cc
Note: Google Test filter = RequestParser.AllowsMissingHostInHttp10
[==========] Running 1 test from 1 test suite.
[----------] Global test environment set-up.
[----------] 1 test from RequestParser
[ RUN      ] RequestParser.AllowsMissingHostInHttp10
[       OK ] RequestParser.AllowsMissingHostInHttp10 (0 ms)
[----------] 1 test from RequestParser (0 ms total)

[----------] Global test environment tear-down
[==========] 1 test from 1 test suite ran. (0 ms total)
[  PASSED  ] 1 test.
<end of output>
Test time =   0.03 sec
----------------------------------------------------------
Test Passed.
"RequestParser.AllowsMissingHostInHttp10" end time: Sep 24 11:35 EDT
"RequestParser.AllowsMissingHostInHttp10" time elapsed: 00:00:00
----------------------------------------------------------

19/43 Testing: RequestParser.IncompleteUntilBlankLine
19/43 Test: RequestParser.IncompleteUntilBlankLine
Command: "/home/ectf/Desktop/projects/cpp-http-server/build-asan/core_tests" "--gtest_filter=RequestParser.IncompleteUntilBlankLine" "--gtest_also_run_disabled_tests"
Directory: /home/ectf/Desktop/projects/cpp-http-server/build-asan
"RequestParser.IncompleteUntilBlankLine" start time: Sep 24 11:35 EDT
Output:
----------------------------------------------------------
Running main() from /home/ectf/Desktop/projects/cpp-http-server/build-asan/_deps/googletest-src/googletest/src/gtest_main.cc
Note: Google Test filter = RequestParser.IncompleteUntilBlankLine
[==========] Running 1 test from 1 test suite.
[----------] Global test environment set-up.
[----------] 1 test from RequestParser
[ RUN      ] RequestParser.IncompleteUntilBlankLine
[       OK ] RequestParser.IncompleteUntilBlankLine (0 ms)
[----------] 1 test from RequestParser (0 ms total)

[----------] Global test environment tear-down
[==========] 1 test from 1 test suite ran. (1 ms total)
[  PASSED  ] 1 test.
<end of output>
Test time =   0.03 sec
----------------------------------------------------------
Test Passed.
"RequestParser.IncompleteUntilBlankLine" end time: Sep 24 11:35 EDT
"RequestParser.IncompleteUntilBlankLine" time elapsed: 00:00:00
----------------------------------------------------------

20/43 Testing: RequestParser.CompletesWhenDataArrivesInPieces
20/43 Test: RequestParser.CompletesWhenDataArrivesInPieces
Command: "/home/ectf/Desktop/projects/cpp-http-server/build-asan/core_tests" "--gtest_filter=RequestParser.CompletesWhenDataArrivesInPieces" "--gtest_also_run_disabled_tests"
Directory: /home/ectf/Desktop/projects/cpp-http-server/build-asan
"RequestParser.CompletesWhenDataArrivesInPieces" start time: Sep 24 11:35 EDT
Output:
----------------------------------------------------------
Running main() from /home/ectf/Desktop/projects/cpp-http-server/build-asan/_deps/googletest-src/googletest/src/gtest_main.cc
Note: Google Test filter = RequestParser.CompletesWhenDataArrivesInPieces
[==========] Running 1 test from 1 test suite.
[----------] Global test environment set-up.
[----------] 1 test from RequestParser
[ RUN      ] RequestParser.CompletesWhenDataArrivesInPieces
[       OK ] RequestParser.CompletesWhenDataArrivesInPieces (0 ms)
[----------] 1 test from RequestParser (0 ms total)

[----------] Global test environment tear-down
[==========] 1 test from 1 test suite ran. (0 ms total)
[  PASSED  ] 1 test.
<end of output>
Test time =   0.03 sec
----------------------------------------------------------
Test Passed.
"RequestParser.CompletesWhenDataArrivesInPieces" end time: Sep 24 11:35 EDT
"RequestParser.CompletesWhenDataArrivesInPieces" time elapsed: 00:00:00
----------------------------------------------------------

21/43 Testing: RequestParser.ConsumedStopsAtEndOfFirstRequest
21/43 Test: RequestParser.ConsumedStopsAtEndOfFirstRequest
Command: "/home/ectf/Desktop/projects/cpp-http-server/build-asan/core_tests" "--gtest_filter=RequestParser.ConsumedStopsAtEndOfFirstRequest" "--gtest_also_run_disabled_tests"
Directory: /home/ectf/Desktop/projects/cpp-http-server/build-asan
"RequestParser.ConsumedStopsAtEndOfFirstRequest" start time: Sep 24 11:35 EDT
Output:
----------------------------------------------------------
Running main() from /home/ectf/Desktop/projects/cpp-http-server/build-asan/_deps/googletest-src/googletest/src/gtest_main.cc
Note: Google Test filter = RequestParser.ConsumedStopsAtEndOfFirstRequest
[==========] Running 1 test from 1 test suite.
[----------] Global test environment set-up.
[----------] 1 test from RequestParser
[ RUN      ] RequestParser.ConsumedStopsAtEndOfFirstRequest
[       OK ] RequestParser.ConsumedStopsAtEndOfFirstRequest (0 ms)
[----------] 1 test from RequestParser (0 ms total)

[----------] Global test environment tear-down
[==========] 1 test from 1 test suite ran. (0 ms total)
[  PASSED  ] 1 test.
<end of output>
Test time =   0.03 sec
----------------------------------------------------------
Test Passed.
"RequestParser.ConsumedStopsAtEndOfFirstRequest" end time: Sep 24 11:35 EDT
"RequestParser.ConsumedStopsAtEndOfFirstRequest" time elapsed: 00:00:00
----------------------------------------------------------

22/43 Testing: RequestParser.RejectsMissingHostInHttp11
22/43 Test: RequestParser.RejectsMissingHostInHttp11
Command: "/home/ectf/Desktop/projects/cpp-http-server/build-asan/core_tests" "--gtest_filter=RequestParser.RejectsMissingHostInHttp11" "--gtest_also_run_disabled_tests"
Directory: /home/ectf/Desktop/projects/cpp-http-server/build-asan
"RequestParser.RejectsMissingHostInHttp11" start time: Sep 24 11:35 EDT
Output:
----------------------------------------------------------
Running main() from /home/ectf/Desktop/projects/cpp-http-server/build-asan/_deps/googletest-src/googletest/src/gtest_main.cc
Note: Google Test filter = RequestParser.RejectsMissingHostInHttp11
[==========] Running 1 test from 1 test suite.
[----------] Global test environment set-up.
[----------] 1 test from RequestParser
[ RUN      ] RequestParser.RejectsMissingHostInHttp11
[       OK ] RequestParser.RejectsMissingHostInHttp11 (0 ms)
[----------] 1 test from RequestParser (0 ms total)

[----------] Global test environment tear-down
[==========] 1 test from 1 test suite ran. (0 ms total)
[  PASSED  ] 1 test.
<end of output>
Test time =   0.04 sec
----------------------------------------------------------
Test Passed.
"RequestParser.RejectsMissingHostInHttp11" end time: Sep 24 11:35 EDT
"RequestParser.RejectsMissingHostInHttp11" time elapsed: 00:00:00
----------------------------------------------------------

23/43 Testing: RequestParser.RejectsMalformedRequestLine
23/43 Test: RequestParser.RejectsMalformedRequestLine
Command: "/home/ectf/Desktop/projects/cpp-http-server/build-asan/core_tests" "--gtest_filter=RequestParser.RejectsMalformedRequestLine" "--gtest_also_run_disabled_tests"
Directory: /home/ectf/Desktop/projects/cpp-http-server/build-asan
"RequestParser.RejectsMalformedRequestLine" start time: Sep 24 11:35 EDT
Output:
----------------------------------------------------------
Running main() from /home/ectf/Desktop/projects/cpp-http-server/build-asan/_deps/googletest-src/googletest/src/gtest_main.cc
Note: Google Test filter = RequestParser.RejectsMalformedRequestLine
[==========] Running 1 test from 1 test suite.
[----------] Global test environment set-up.
[----------] 1 test from RequestParser
[ RUN      ] RequestParser.RejectsMalformedRequestLine
[       OK ] RequestParser.RejectsMalformedRequestLine (0 ms)
[----------] 1 test from RequestParser (0 ms total)

[----------] Global test environment tear-down
[==========] 1 test from 1 test suite ran. (0 ms total)
[  PASSED  ] 1 test.
<end of output>
Test time =   0.09 sec
----------------------------------------------------------
Test Passed.
"RequestParser.RejectsMalformedRequestLine" end time: Sep 24 11:35 EDT
"RequestParser.RejectsMalformedRequestLine" time elapsed: 00:00:00
----------------------------------------------------------

24/43 Testing: RequestParser.RejectsUnsupportedVersion
24/43 Test: RequestParser.RejectsUnsupportedVersion
Command: "/home/ectf/Desktop/projects/cpp-http-server/build-asan/core_tests" "--gtest_filter=RequestParser.RejectsUnsupportedVersion" "--gtest_also_run_disabled_tests"
Directory: /home/ectf/Desktop/projects/cpp-http-server/build-asan
"RequestParser.RejectsUnsupportedVersion" start time: Sep 24 11:35 EDT
Output:
----------------------------------------------------------
Running main() from /home/ectf/Desktop/projects/cpp-http-server/build-asan/_deps/googletest-src/googletest/src/gtest_main.cc
Note: Google Test filter = RequestParser.RejectsUnsupportedVersion
[==========] Running 1 test from 1 test suite.
[----------] Global test environment set-up.
[----------] 1 test from RequestParser
[ RUN      ] RequestParser.RejectsUnsupportedVersion
[       OK ] RequestParser.RejectsUnsupportedVersion (0 ms)
[----------] 1 test from RequestParser (0 ms total)

[----------] Global test environment tear-down
[==========] 1 test from 1 test suite ran. (0 ms total)
[  PASSED  ] 1 test.
<end of output>
Test time =   0.04 sec
----------------------------------------------------------
Test Passed.
"RequestParser.RejectsUnsupportedVersion" end time: Sep 24 11:35 EDT
"RequestParser.RejectsUnsupportedVersion" time elapsed: 00:00:00
----------------------------------------------------------

25/43 Testing: RequestParser.RejectsHeaderWithoutColon
25/43 Test: RequestParser.RejectsHeaderWithoutColon
Command: "/home/ectf/Desktop/projects/cpp-http-server/build-asan/core_tests" "--gtest_filter=RequestParser.RejectsHeaderWithoutColon" "--gtest_also_run_disabled_tests"
Directory: /home/ectf/Desktop/projects/cpp-http-server/build-asan
"RequestParser.RejectsHeaderWithoutColon" start time: Sep 24 11:35 EDT
Output:
----------------------------------------------------------
Running main() from /home/ectf/Desktop/projects/cpp-http-server/build-asan/_deps/googletest-src/googletest/src/gtest_main.cc
Note: Google Test filter = RequestParser.RejectsHeaderWithoutColon
[==========] Running 1 test from 1 test suite.
[----------] Global test environment set-up.
[----------] 1 test from RequestParser
[ RUN      ] RequestParser.RejectsHeaderWithoutColon
[       OK ] RequestParser.RejectsHeaderWithoutColon (0 ms)
[----------] 1 test from RequestParser (0 ms total)

[----------] Global test environment tear-down
[==========] 1 test from 1 test suite ran. (1 ms total)
[  PASSED  ] 1 test.
<end of output>
Test time =   0.05 sec
----------------------------------------------------------
Test Passed.
"RequestParser.RejectsHeaderWithoutColon" end time: Sep 24 11:35 EDT
"RequestParser.RejectsHeaderWithoutColon" time elapsed: 00:00:00
----------------------------------------------------------

26/43 Testing: RequestParser.RejectsSpaceBeforeColon
26/43 Test: RequestParser.RejectsSpaceBeforeColon
Command: "/home/ectf/Desktop/projects/cpp-http-server/build-asan/core_tests" "--gtest_filter=RequestParser.RejectsSpaceBeforeColon" "--gtest_also_run_disabled_tests"
Directory: /home/ectf/Desktop/projects/cpp-http-server/build-asan
"RequestParser.RejectsSpaceBeforeColon" start time: Sep 24 11:35 EDT
Output:
----------------------------------------------------------
Running main() from /home/ectf/Desktop/projects/cpp-http-server/build-asan/_deps/googletest-src/googletest/src/gtest_main.cc
Note: Google Test filter = RequestParser.RejectsSpaceBeforeColon
[==========] Running 1 test from 1 test suite.
[----------] Global test environment set-up.
[----------] 1 test from RequestParser
[ RUN      ] RequestParser.RejectsSpaceBeforeColon
[       OK ] RequestParser.RejectsSpaceBeforeColon (0 ms)
[----------] 1 test from RequestParser (0 ms total)

[----------] Global test environment tear-down
[==========] 1 test from 1 test suite ran. (0 ms total)
[  PASSED  ] 1 test.
<end of output>
Test time =   0.03 sec
----------------------------------------------------------
Test Passed.
"RequestParser.RejectsSpaceBeforeColon" end time: Sep 24 11:35 EDT
"RequestParser.RejectsSpaceBeforeColon" time elapsed: 00:00:00
----------------------------------------------------------

27/43 Testing: RequestParser.RejectsDuplicateContentLength
27/43 Test: RequestParser.RejectsDuplicateContentLength
Command: "/home/ectf/Desktop/projects/cpp-http-server/build-asan/core_tests" "--gtest_filter=RequestParser.RejectsDuplicateContentLength" "--gtest_also_run_disabled_tests"
Directory: /home/ectf/Desktop/projects/cpp-http-server/build-asan
"RequestParser.RejectsDuplicateContentLength" start time: Sep 24 11:35 EDT
Output:
----------------------------------------------------------
Running main() from /home/ectf/Desktop/projects/cpp-http-server/build-asan/_deps/googletest-src/googletest/src/gtest_main.cc
Note: Google Test filter = RequestParser.RejectsDuplicateContentLength
[==========] Running 1 test from 1 test suite.
[----------] Global test environment set-up.
[----------] 1 test from RequestParser
[ RUN      ] RequestParser.RejectsDuplicateContentLength
[       OK ] RequestParser.RejectsDuplicateContentLength (0 ms)
[----------] 1 test from RequestParser (0 ms total)

[----------] Global test environment tear-down
[==========] 1 test from 1 test suite ran. (0 ms total)
[  PASSED  ] 1 test.
<end of output>
Test time =   0.03 sec
----------------------------------------------------------
Test Passed.
"RequestParser.RejectsDuplicateContentLength" end time: Sep 24 11:35 EDT
"RequestParser.RejectsDuplicateContentLength" time elapsed: 00:00:00
----------------------------------------------------------

28/43 Testing: RequestParser.RejectsControlCharacterInValue
28/43 Test: RequestParser.RejectsControlCharacterInValue
Command: "/home/ectf/Desktop/projects/cpp-http-server/build-asan/core_tests" "--gtest_filter=RequestParser.RejectsControlCharacterInValue" "--gtest_also_run_disabled_tests"
Directory: /home/ectf/Desktop/projects/cpp-http-server/build-asan
"RequestParser.RejectsControlCharacterInValue" start time: Sep 24 11:35 EDT
Output:
----------------------------------------------------------
Running main() from /home/ectf/Desktop/projects/cpp-http-server/build-asan/_deps/googletest-src/googletest/src/gtest_main.cc
Note: Google Test filter = RequestParser.RejectsControlCharacterInValue
[==========] Running 1 test from 1 test suite.
[----------] Global test environment set-up.
[----------] 1 test from RequestParser
[ RUN      ] RequestParser.RejectsControlCharacterInValue
[       OK ] RequestParser.RejectsControlCharacterInValue (0 ms)
[----------] 1 test from RequestParser (0 ms total)

[----------] Global test environment tear-down
[==========] 1 test from 1 test suite ran. (0 ms total)
[  PASSED  ] 1 test.
<end of output>
Test time =   0.03 sec
----------------------------------------------------------
Test Passed.
"RequestParser.RejectsControlCharacterInValue" end time: Sep 24 11:35 EDT
"RequestParser.RejectsControlCharacterInValue" time elapsed: 00:00:00
----------------------------------------------------------

29/43 Testing: RequestParser.RejectsOversizedHeadEvenWithoutTerminator
29/43 Test: RequestParser.RejectsOversizedHeadEvenWithoutTerminator
Command: "/home/ectf/Desktop/projects/cpp-http-server/build-asan/core_tests" "--gtest_filter=RequestParser.RejectsOversizedHeadEvenWithoutTerminator" "--gtest_also_run_disabled_tests"
Directory: /home/ectf/Desktop/projects/cpp-http-server/build-asan
"RequestParser.RejectsOversizedHeadEvenWithoutTerminator" start time: Sep 24 11:35 EDT
Output:
----------------------------------------------------------
Running main() from /home/ectf/Desktop/projects/cpp-http-server/build-asan/_deps/googletest-src/googletest/src/gtest_main.cc
Note: Google Test filter = RequestParser.RejectsOversizedHeadEvenWithoutTerminator
[==========] Running 1 test from 1 test suite.
[----------] Global test environment set-up.
[----------] 1 test from RequestParser
[ RUN      ] RequestParser.RejectsOversizedHeadEvenWithoutTerminator
[       OK ] RequestParser.RejectsOversizedHeadEvenWithoutTerminator (0 ms)
[----------] 1 test from RequestParser (0 ms total)

[----------] Global test environment tear-down
[==========] 1 test from 1 test suite ran. (0 ms total)
[  PASSED  ] 1 test.
<end of output>
Test time =   0.03 sec
----------------------------------------------------------
Test Passed.
"RequestParser.RejectsOversizedHeadEvenWithoutTerminator" end time: Sep 24 11:35 EDT
"RequestParser.RejectsOversizedHeadEvenWithoutTerminator" time elapsed: 00:00:00
----------------------------------------------------------

30/43 Testing: RequestPolicy.Http11DefaultsToKeepAlive
30/43 Test: RequestPolicy.Http11DefaultsToKeepAlive
Command: "/home/ectf/Desktop/projects/cpp-http-server/build-asan/core_tests" "--gtest_filter=RequestPolicy.Http11DefaultsToKeepAlive" "--gtest_also_run_disabled_tests"
Directory: /home/ectf/Desktop/projects/cpp-http-server/build-asan
"RequestPolicy.Http11DefaultsToKeepAlive" start time: Sep 24 11:35 EDT
Output:
----------------------------------------------------------
Running main() from /home/ectf/Desktop/projects/cpp-http-server/build-asan/_deps/googletest-src/googletest/src/gtest_main.cc
Note: Google Test filter = RequestPolicy.Http11DefaultsToKeepAlive
[==========] Running 1 test from 1 test suite.
[----------] Global test environment set-up.
[----------] 1 test from RequestPolicy
[ RUN      ] RequestPolicy.Http11DefaultsToKeepAlive
[       OK ] RequestPolicy.Http11DefaultsToKeepAlive (0 ms)
[----------] 1 test from RequestPolicy (0 ms total)

[----------] Global test environment tear-down
[==========] 1 test from 1 test suite ran. (0 ms total)
[  PASSED  ] 1 test.
<end of output>
Test time =   0.03 sec
----------------------------------------------------------
Test Passed.
"RequestPolicy.Http11DefaultsToKeepAlive" end time: Sep 24 11:35 EDT
"RequestPolicy.Http11DefaultsToKeepAlive" time elapsed: 00:00:00
----------------------------------------------------------

31/43 Testing: RequestPolicy.ConnectionCloseIsCaseInsensitive
31/43 Test: RequestPolicy.ConnectionCloseIsCaseInsensitive
Command: "/home/ectf/Desktop/projects/cpp-http-server/build-asan/core_tests" "--gtest_filter=RequestPolicy.ConnectionCloseIsCaseInsensitive" "--gtest_also_run_disabled_tests"
Directory: /home/ectf/Desktop/projects/cpp-http-server/build-asan
"RequestPolicy.ConnectionCloseIsCaseInsensitive" start time: Sep 24 11:35 EDT
Output:
----------------------------------------------------------
Running main() from /home/ectf/Desktop/projects/cpp-http-server/build-asan/_deps/googletest-src/googletest/src/gtest_main.cc
Note: Google Test filter = RequestPolicy.ConnectionCloseIsCaseInsensitive
[==========] Running 1 test from 1 test suite.
[----------] Global test environment set-up.
[----------] 1 test from RequestPolicy
[ RUN      ] RequestPolicy.ConnectionCloseIsCaseInsensitive
[       OK ] RequestPolicy.ConnectionCloseIsCaseInsensitive (0 ms)
[----------] 1 test from RequestPolicy (0 ms total)

[----------] Global test environment tear-down
[==========] 1 test from 1 test suite ran. (0 ms total)
[  PASSED  ] 1 test.
<end of output>
Test time =   0.03 sec
----------------------------------------------------------
Test Passed.
"RequestPolicy.ConnectionCloseIsCaseInsensitive" end time: Sep 24 11:35 EDT
"RequestPolicy.ConnectionCloseIsCaseInsensitive" time elapsed: 00:00:00
----------------------------------------------------------

32/43 Testing: RequestPolicy.Http10DefaultsToClose
32/43 Test: RequestPolicy.Http10DefaultsToClose
Command: "/home/ectf/Desktop/projects/cpp-http-server/build-asan/core_tests" "--gtest_filter=RequestPolicy.Http10DefaultsToClose" "--gtest_also_run_disabled_tests"
Directory: /home/ectf/Desktop/projects/cpp-http-server/build-asan
"RequestPolicy.Http10DefaultsToClose" start time: Sep 24 11:35 EDT
Output:
----------------------------------------------------------
Running main() from /home/ectf/Desktop/projects/cpp-http-server/build-asan/_deps/googletest-src/googletest/src/gtest_main.cc
Note: Google Test filter = RequestPolicy.Http10DefaultsToClose
[==========] Running 1 test from 1 test suite.
[----------] Global test environment set-up.
[----------] 1 test from RequestPolicy
[ RUN      ] RequestPolicy.Http10DefaultsToClose
[       OK ] RequestPolicy.Http10DefaultsToClose (0 ms)
[----------] 1 test from RequestPolicy (0 ms total)

[----------] Global test environment tear-down
[==========] 1 test from 1 test suite ran. (0 ms total)
[  PASSED  ] 1 test.
<end of output>
Test time =   0.02 sec
----------------------------------------------------------
Test Passed.
"RequestPolicy.Http10DefaultsToClose" end time: Sep 24 11:35 EDT
"RequestPolicy.Http10DefaultsToClose" time elapsed: 00:00:00
----------------------------------------------------------

33/43 Testing: RequestPolicy.DetectsBody
33/43 Test: RequestPolicy.DetectsBody
Command: "/home/ectf/Desktop/projects/cpp-http-server/build-asan/core_tests" "--gtest_filter=RequestPolicy.DetectsBody" "--gtest_also_run_disabled_tests"
Directory: /home/ectf/Desktop/projects/cpp-http-server/build-asan
"RequestPolicy.DetectsBody" start time: Sep 24 11:35 EDT
Output:
----------------------------------------------------------
Running main() from /home/ectf/Desktop/projects/cpp-http-server/build-asan/_deps/googletest-src/googletest/src/gtest_main.cc
Note: Google Test filter = RequestPolicy.DetectsBody
[==========] Running 1 test from 1 test suite.
[----------] Global test environment set-up.
[----------] 1 test from RequestPolicy
[ RUN      ] RequestPolicy.DetectsBody
[       OK ] RequestPolicy.DetectsBody (0 ms)
[----------] 1 test from RequestPolicy (0 ms total)

[----------] Global test environment tear-down
[==========] 1 test from 1 test suite ran. (0 ms total)
[  PASSED  ] 1 test.
<end of output>
Test time =   0.03 sec
----------------------------------------------------------
Test Passed.
"RequestPolicy.DetectsBody" end time: Sep 24 11:35 EDT
"RequestPolicy.DetectsBody" time elapsed: 00:00:00
----------------------------------------------------------

34/43 Testing: Response.SerializesStatusLineHeadersAndBody
34/43 Test: Response.SerializesStatusLineHeadersAndBody
Command: "/home/ectf/Desktop/projects/cpp-http-server/build-asan/core_tests" "--gtest_filter=Response.SerializesStatusLineHeadersAndBody" "--gtest_also_run_disabled_tests"
Directory: /home/ectf/Desktop/projects/cpp-http-server/build-asan
"Response.SerializesStatusLineHeadersAndBody" start time: Sep 24 11:35 EDT
Output:
----------------------------------------------------------
Running main() from /home/ectf/Desktop/projects/cpp-http-server/build-asan/_deps/googletest-src/googletest/src/gtest_main.cc
Note: Google Test filter = Response.SerializesStatusLineHeadersAndBody
[==========] Running 1 test from 1 test suite.
[----------] Global test environment set-up.
[----------] 1 test from Response
[ RUN      ] Response.SerializesStatusLineHeadersAndBody
[       OK ] Response.SerializesStatusLineHeadersAndBody (0 ms)
[----------] 1 test from Response (0 ms total)

[----------] Global test environment tear-down
[==========] 1 test from 1 test suite ran. (0 ms total)
[  PASSED  ] 1 test.
<end of output>
Test time =   0.03 sec
----------------------------------------------------------
Test Passed.
"Response.SerializesStatusLineHeadersAndBody" end time: Sep 24 11:35 EDT
"Response.SerializesStatusLineHeadersAndBody" time elapsed: 00:00:00
----------------------------------------------------------

35/43 Testing: Response.HeadOmitsBodyButKeepsContentLength
35/43 Test: Response.HeadOmitsBodyButKeepsContentLength
Command: "/home/ectf/Desktop/projects/cpp-http-server/build-asan/core_tests" "--gtest_filter=Response.HeadOmitsBodyButKeepsContentLength" "--gtest_also_run_disabled_tests"
Directory: /home/ectf/Desktop/projects/cpp-http-server/build-asan
"Response.HeadOmitsBodyButKeepsContentLength" start time: Sep 24 11:35 EDT
Output:
----------------------------------------------------------
Running main() from /home/ectf/Desktop/projects/cpp-http-server/build-asan/_deps/googletest-src/googletest/src/gtest_main.cc
Note: Google Test filter = Response.HeadOmitsBodyButKeepsContentLength
[==========] Running 1 test from 1 test suite.
[----------] Global test environment set-up.
[----------] 1 test from Response
[ RUN      ] Response.HeadOmitsBodyButKeepsContentLength
[       OK ] Response.HeadOmitsBodyButKeepsContentLength (0 ms)
[----------] 1 test from Response (0 ms total)

[----------] Global test environment tear-down
[==========] 1 test from 1 test suite ran. (0 ms total)
[  PASSED  ] 1 test.
<end of output>
Test time =   0.03 sec
----------------------------------------------------------
Test Passed.
"Response.HeadOmitsBodyButKeepsContentLength" end time: Sep 24 11:35 EDT
"Response.HeadOmitsBodyButKeepsContentLength" time elapsed: 00:00:00
----------------------------------------------------------

36/43 Testing: Response.CloseConnectionHeader
36/43 Test: Response.CloseConnectionHeader
Command: "/home/ectf/Desktop/projects/cpp-http-server/build-asan/core_tests" "--gtest_filter=Response.CloseConnectionHeader" "--gtest_also_run_disabled_tests"
Directory: /home/ectf/Desktop/projects/cpp-http-server/build-asan
"Response.CloseConnectionHeader" start time: Sep 24 11:35 EDT
Output:
----------------------------------------------------------
Running main() from /home/ectf/Desktop/projects/cpp-http-server/build-asan/_deps/googletest-src/googletest/src/gtest_main.cc
Note: Google Test filter = Response.CloseConnectionHeader
[==========] Running 1 test from 1 test suite.
[----------] Global test environment set-up.
[----------] 1 test from Response
[ RUN      ] Response.CloseConnectionHeader
[       OK ] Response.CloseConnectionHeader (0 ms)
[----------] 1 test from Response (0 ms total)

[----------] Global test environment tear-down
[==========] 1 test from 1 test suite ran. (0 ms total)
[  PASSED  ] 1 test.
<end of output>
Test time =   0.03 sec
----------------------------------------------------------
Test Passed.
"Response.CloseConnectionHeader" end time: Sep 24 11:35 EDT
"Response.CloseConnectionHeader" time elapsed: 00:00:00
----------------------------------------------------------

37/43 Testing: Response.AddHeaderRejectsNewlines
37/43 Test: Response.AddHeaderRejectsNewlines
Command: "/home/ectf/Desktop/projects/cpp-http-server/build-asan/core_tests" "--gtest_filter=Response.AddHeaderRejectsNewlines" "--gtest_also_run_disabled_tests"
Directory: /home/ectf/Desktop/projects/cpp-http-server/build-asan
"Response.AddHeaderRejectsNewlines" start time: Sep 24 11:35 EDT
Output:
----------------------------------------------------------
Running main() from /home/ectf/Desktop/projects/cpp-http-server/build-asan/_deps/googletest-src/googletest/src/gtest_main.cc
Note: Google Test filter = Response.AddHeaderRejectsNewlines
[==========] Running 1 test from 1 test suite.
[----------] Global test environment set-up.
[----------] 1 test from Response
[ RUN      ] Response.AddHeaderRejectsNewlines
[       OK ] Response.AddHeaderRejectsNewlines (0 ms)
[----------] 1 test from Response (0 ms total)

[----------] Global test environment tear-down
[==========] 1 test from 1 test suite ran. (0 ms total)
[  PASSED  ] 1 test.
<end of output>
Test time =   0.03 sec
----------------------------------------------------------
Test Passed.
"Response.AddHeaderRejectsNewlines" end time: Sep 24 11:35 EDT
"Response.AddHeaderRejectsNewlines" time elapsed: 00:00:00
----------------------------------------------------------

38/43 Testing: Router.IndexReturnsHtml
38/43 Test: Router.IndexReturnsHtml
Command: "/home/ectf/Desktop/projects/cpp-http-server/build-asan/core_tests" "--gtest_filter=Router.IndexReturnsHtml" "--gtest_also_run_disabled_tests"
Directory: /home/ectf/Desktop/projects/cpp-http-server/build-asan
"Router.IndexReturnsHtml" start time: Sep 24 11:35 EDT
Output:
----------------------------------------------------------
Running main() from /home/ectf/Desktop/projects/cpp-http-server/build-asan/_deps/googletest-src/googletest/src/gtest_main.cc
Note: Google Test filter = Router.IndexReturnsHtml
[==========] Running 1 test from 1 test suite.
[----------] Global test environment set-up.
[----------] 1 test from Router
[ RUN      ] Router.IndexReturnsHtml
[       OK ] Router.IndexReturnsHtml (0 ms)
[----------] 1 test from Router (0 ms total)

[----------] Global test environment tear-down
[==========] 1 test from 1 test suite ran. (0 ms total)
[  PASSED  ] 1 test.
<end of output>
Test time =   0.03 sec
----------------------------------------------------------
Test Passed.
"Router.IndexReturnsHtml" end time: Sep 24 11:35 EDT
"Router.IndexReturnsHtml" time elapsed: 00:00:00
----------------------------------------------------------

39/43 Testing: Router.HealthIgnoresQueryString
39/43 Test: Router.HealthIgnoresQueryString
Command: "/home/ectf/Desktop/projects/cpp-http-server/build-asan/core_tests" "--gtest_filter=Router.HealthIgnoresQueryString" "--gtest_also_run_disabled_tests"
Directory: /home/ectf/Desktop/projects/cpp-http-server/build-asan
"Router.HealthIgnoresQueryString" start time: Sep 24 11:35 EDT
Output:
----------------------------------------------------------
Running main() from /home/ectf/Desktop/projects/cpp-http-server/build-asan/_deps/googletest-src/googletest/src/gtest_main.cc
Note: Google Test filter = Router.HealthIgnoresQueryString
[==========] Running 1 test from 1 test suite.
[----------] Global test environment set-up.
[----------] 1 test from Router
[ RUN      ] Router.HealthIgnoresQueryString
[       OK ] Router.HealthIgnoresQueryString (0 ms)
[----------] 1 test from Router (0 ms total)

[----------] Global test environment tear-down
[==========] 1 test from 1 test suite ran. (0 ms total)
[  PASSED  ] 1 test.
<end of output>
Test time =   0.02 sec
----------------------------------------------------------
Test Passed.
"Router.HealthIgnoresQueryString" end time: Sep 24 11:35 EDT
"Router.HealthIgnoresQueryString" time elapsed: 00:00:00
----------------------------------------------------------

40/43 Testing: Router.HeadIsAllowed
40/43 Test: Router.HeadIsAllowed
Command: "/home/ectf/Desktop/projects/cpp-http-server/build-asan/core_tests" "--gtest_filter=Router.HeadIsAllowed" "--gtest_also_run_disabled_tests"
Directory: /home/ectf/Desktop/projects/cpp-http-server/build-asan
"Router.HeadIsAllowed" start time: Sep 24 11:35 EDT
Output:
----------------------------------------------------------
Running main() from /home/ectf/Desktop/projects/cpp-http-server/build-asan/_deps/googletest-src/googletest/src/gtest_main.cc
Note: Google Test filter = Router.HeadIsAllowed
[==========] Running 1 test from 1 test suite.
[----------] Global test environment set-up.
[----------] 1 test from Router
[ RUN      ] Router.HeadIsAllowed
[       OK ] Router.HeadIsAllowed (0 ms)
[----------] 1 test from Router (0 ms total)

[----------] Global test environment tear-down
[==========] 1 test from 1 test suite ran. (0 ms total)
[  PASSED  ] 1 test.
<end of output>
Test time =   0.02 sec
----------------------------------------------------------
Test Passed.
"Router.HeadIsAllowed" end time: Sep 24 11:35 EDT
"Router.HeadIsAllowed" time elapsed: 00:00:00
----------------------------------------------------------

41/43 Testing: Router.UnknownPathIs404
41/43 Test: Router.UnknownPathIs404
Command: "/home/ectf/Desktop/projects/cpp-http-server/build-asan/core_tests" "--gtest_filter=Router.UnknownPathIs404" "--gtest_also_run_disabled_tests"
Directory: /home/ectf/Desktop/projects/cpp-http-server/build-asan
"Router.UnknownPathIs404" start time: Sep 24 11:35 EDT
Output:
----------------------------------------------------------
Running main() from /home/ectf/Desktop/projects/cpp-http-server/build-asan/_deps/googletest-src/googletest/src/gtest_main.cc
Note: Google Test filter = Router.UnknownPathIs404
[==========] Running 1 test from 1 test suite.
[----------] Global test environment set-up.
[----------] 1 test from Router
[ RUN      ] Router.UnknownPathIs404
[       OK ] Router.UnknownPathIs404 (0 ms)
[----------] 1 test from Router (0 ms total)

[----------] Global test environment tear-down
[==========] 1 test from 1 test suite ran. (0 ms total)
[  PASSED  ] 1 test.
<end of output>
Test time =   0.03 sec
----------------------------------------------------------
Test Passed.
"Router.UnknownPathIs404" end time: Sep 24 11:35 EDT
"Router.UnknownPathIs404" time elapsed: 00:00:00
----------------------------------------------------------

42/43 Testing: Router.PostIs405WithAllowHeader
42/43 Test: Router.PostIs405WithAllowHeader
Command: "/home/ectf/Desktop/projects/cpp-http-server/build-asan/core_tests" "--gtest_filter=Router.PostIs405WithAllowHeader" "--gtest_also_run_disabled_tests"
Directory: /home/ectf/Desktop/projects/cpp-http-server/build-asan
"Router.PostIs405WithAllowHeader" start time: Sep 24 11:35 EDT
Output:
----------------------------------------------------------
Running main() from /home/ectf/Desktop/projects/cpp-http-server/build-asan/_deps/googletest-src/googletest/src/gtest_main.cc
Note: Google Test filter = Router.PostIs405WithAllowHeader
[==========] Running 1 test from 1 test suite.
[----------] Global test environment set-up.
[----------] 1 test from Router
[ RUN      ] Router.PostIs405WithAllowHeader
[       OK ] Router.PostIs405WithAllowHeader (0 ms)
[----------] 1 test from Router (0 ms total)

[----------] Global test environment tear-down
[==========] 1 test from 1 test suite ran. (0 ms total)
[  PASSED  ] 1 test.
<end of output>
Test time =   0.02 sec
----------------------------------------------------------
Test Passed.
"Router.PostIs405WithAllowHeader" end time: Sep 24 11:35 EDT
"Router.PostIs405WithAllowHeader" time elapsed: 00:00:00
----------------------------------------------------------

43/43 Testing: Router.HeadersEndpointIsPlainTextWithNosniff
43/43 Test: Router.HeadersEndpointIsPlainTextWithNosniff
Command: "/home/ectf/Desktop/projects/cpp-http-server/build-asan/core_tests" "--gtest_filter=Router.HeadersEndpointIsPlainTextWithNosniff" "--gtest_also_run_disabled_tests"
Directory: /home/ectf/Desktop/projects/cpp-http-server/build-asan
"Router.HeadersEndpointIsPlainTextWithNosniff" start time: Sep 24 11:35 EDT
Output:
----------------------------------------------------------
Running main() from /home/ectf/Desktop/projects/cpp-http-server/build-asan/_deps/googletest-src/googletest/src/gtest_main.cc
Note: Google Test filter = Router.HeadersEndpointIsPlainTextWithNosniff
[==========] Running 1 test from 1 test suite.
[----------] Global test environment set-up.
[----------] 1 test from Router
[ RUN      ] Router.HeadersEndpointIsPlainTextWithNosniff
[       OK ] Router.HeadersEndpointIsPlainTextWithNosniff (0 ms)
[----------] 1 test from Router (0 ms total)

[----------] Global test environment tear-down
[==========] 1 test from 1 test suite ran. (0 ms total)
[  PASSED  ] 1 test.
<end of output>
Test time =   0.03 sec
----------------------------------------------------------
Test Passed.
"Router.HeadersEndpointIsPlainTextWithNosniff" end time: Sep 24 11:35 EDT
"Router.HeadersEndpointIsPlainTextWithNosniff" time elapsed: 00:00:00
----------------------------------------------------------

End testing: Sep 24 11:35 EDT
